DEB [20180602-17:58:06.110] thr=1   paramiko.transport: starting thread (client mode): 0x3c580d0
DEB [20180602-17:58:06.110] thr=1   paramiko.transport: Local version/idstring: SSH-2.0-paramiko_2.4.1
DEB [20180602-17:58:06.120] thr=1   paramiko.transport: Remote version/idstring: SSH-2.0-OpenSSH_7.5
INF [20180602-17:58:06.120] thr=1   paramiko.transport: Connected (version 2.0, client OpenSSH_7.5)
DEB [20180602-17:58:06.120] thr=1   paramiko.transport: kex algos:['curve25519-sha256', 'curve25519-sha256@libssh.org', 'ecdh-sha2-nistp256', 'ecdh-sha2-nistp384', 'ecdh-sha2-nistp521', 'diffie-hellman-group-exchange-sha256', 'diffie-hellman-group16-sha512', 'diffie-hellman-group18-sha512', 'diffie-hellman-group14-sha256', 'diffie-hellman-group14-sha1'] server key:['ssh-rsa', 'rsa-sha2-512', 'rsa-sha2-256'] client encrypt:['aes128-ctr', 'aes192-ctr', 'aes256-ctr', '3des-cbc'] server encrypt:['aes128-ctr', 'aes192-ctr', 'aes256-ctr', '3des-cbc'] client mac:['hmac-sha2-256', 'hmac-sha2-512', 'hmac-sha1'] server mac:['hmac-sha2-256', 'hmac-sha2-512', 'hmac-sha1'] client compress:['none', 'zlib@openssh.com'] server compress:['none', 'zlib@openssh.com'] client lang:[''] server lang:[''] kex follows?False
DEB [20180602-17:58:06.120] thr=1   paramiko.transport: Kex agreed: ecdh-sha2-nistp256
DEB [20180602-17:58:06.120] thr=1   paramiko.transport: HostKey agreed: ssh-rsa
DEB [20180602-17:58:06.130] thr=1   paramiko.transport: Cipher agreed: aes128-ctr
DEB [20180602-17:58:06.130] thr=1   paramiko.transport: MAC agreed: hmac-sha2-256
DEB [20180602-17:58:06.130] thr=1   paramiko.transport: Compression agreed: none
DEB [20180602-17:58:06.300] thr=1   paramiko.transport: kex engine KexNistp256 specified hash_algo <built-in function openssl_sha256>
DEB [20180602-17:58:06.300] thr=1   paramiko.transport: Switch to new keys ...
DEB [20180602-17:58:06.300] thr=2   paramiko.transport: Adding ssh-rsa host key for 172.16.1.201: b'604598cac6e4f25ac3ea8ad67ffe0784'
DEB [20180602-17:58:06.420] thr=1   paramiko.transport: userauth is OK
DEB [20180602-17:58:06.430] thr=1   paramiko.transport: Authentication type (password) not permitted.
DEB [20180602-17:58:06.430] thr=1   paramiko.transport: Allowed methods: ['publickey', 'keyboard-interactive']
DEB [20180602-17:58:06.430] thr=1   paramiko.transport: userauth is OK
INF [20180602-17:58:06.520] thr=1   paramiko.transport: Authentication (keyboard-interactive) successful!
DEB [20180602-17:58:06.530] thr=2   paramiko.transport: [chan 0] Max packet in: 32768 bytes
DEB [20180602-17:58:06.530] thr=1   paramiko.transport: Received global request "hostkeys-00@openssh.com"
DEB [20180602-17:58:06.530] thr=1   paramiko.transport: Rejecting "hostkeys-00@openssh.com" global request from server.
DEB [20180602-17:58:06.580] thr=1   paramiko.transport: [chan 0] Max packet out: 32768 bytes
DEB [20180602-17:58:06.580] thr=1   paramiko.transport: Secsh channel 0 opened.
DEB [20180602-17:58:06.580] thr=1   paramiko.transport: [chan 0] Sesch channel 0 request ok
DEB [20180602-17:58:06.580] thr=1   paramiko.transport: EOF in transport thread
DEB [20180602-18:00:31.710] thr=3   paramiko.transport: starting thread (client mode): 0x3c27710
DEB [20180602-18:00:31.710] thr=3   paramiko.transport: Local version/idstring: SSH-2.0-paramiko_2.4.1
DEB [20180602-18:00:31.720] thr=3   paramiko.transport: Remote version/idstring: SSH-2.0-OpenSSH_7.5
INF [20180602-18:00:31.720] thr=3   paramiko.transport: Connected (version 2.0, client OpenSSH_7.5)
DEB [20180602-18:00:31.720] thr=3   paramiko.transport: kex algos:['curve25519-sha256', 'curve25519-sha256@libssh.org', 'ecdh-sha2-nistp256', 'ecdh-sha2-nistp384', 'ecdh-sha2-nistp521', 'diffie-hellman-group-exchange-sha256', 'diffie-hellman-group16-sha512', 'diffie-hellman-group18-sha512', 'diffie-hellman-group14-sha256', 'diffie-hellman-group14-sha1'] server key:['ssh-rsa', 'rsa-sha2-512', 'rsa-sha2-256'] client encrypt:['aes128-ctr', 'aes192-ctr', 'aes256-ctr', '3des-cbc'] server encrypt:['aes128-ctr', 'aes192-ctr', 'aes256-ctr', '3des-cbc'] client mac:['hmac-sha2-256', 'hmac-sha2-512', 'hmac-sha1'] server mac:['hmac-sha2-256', 'hmac-sha2-512', 'hmac-sha1'] client compress:['none', 'zlib@openssh.com'] server compress:['none', 'zlib@openssh.com'] client lang:[''] server lang:[''] kex follows?False
DEB [20180602-18:00:31.720] thr=3   paramiko.transport: Kex agreed: ecdh-sha2-nistp256
DEB [20180602-18:00:31.720] thr=3   paramiko.transport: HostKey agreed: ssh-rsa
DEB [20180602-18:00:31.720] thr=3   paramiko.transport: Cipher agreed: aes128-ctr
DEB [20180602-18:00:31.720] thr=3   paramiko.transport: MAC agreed: hmac-sha2-256
DEB [20180602-18:00:31.730] thr=3   paramiko.transport: Compression agreed: none
DEB [20180602-18:00:31.750] thr=3   paramiko.transport: kex engine KexNistp256 specified hash_algo <built-in function openssl_sha256>
DEB [20180602-18:00:31.750] thr=3   paramiko.transport: Switch to new keys ...
DEB [20180602-18:00:31.760] thr=2   paramiko.transport: Adding ssh-rsa host key for 172.16.1.201: b'604598cac6e4f25ac3ea8ad67ffe0784'
DEB [20180602-18:00:31.860] thr=3   paramiko.transport: userauth is OK
DEB [20180602-18:00:31.870] thr=3   paramiko.transport: Authentication type (password) not permitted.
DEB [20180602-18:00:31.870] thr=3   paramiko.transport: Allowed methods: ['publickey', 'keyboard-interactive']
DEB [20180602-18:00:31.870] thr=3   paramiko.transport: userauth is OK
INF [20180602-18:00:31.960] thr=3   paramiko.transport: Authentication (keyboard-interactive) successful!
DEB [20180602-18:00:31.960] thr=2   paramiko.transport: [chan 0] Max packet in: 32768 bytes
DEB [20180602-18:00:31.970] thr=3   paramiko.transport: Received global request "hostkeys-00@openssh.com"
DEB [20180602-18:00:31.970] thr=3   paramiko.transport: Rejecting "hostkeys-00@openssh.com" global request from server.
DEB [20180602-18:00:32.020] thr=3   paramiko.transport: [chan 0] Max packet out: 32768 bytes
DEB [20180602-18:00:32.020] thr=3   paramiko.transport: Secsh channel 0 opened.
DEB [20180602-18:00:32.020] thr=3   paramiko.transport: [chan 0] Sesch channel 0 request ok
DEB [20180602-18:00:32.020] thr=3   paramiko.transport: EOF in transport thread
DEB [20180602-21:44:50.002] thr=1   paramiko.transport: starting thread (client mode): 0x48e51f0
DEB [20180602-21:44:50.002] thr=1   paramiko.transport: Local version/idstring: SSH-2.0-paramiko_2.4.1
DEB [20180602-21:44:50.012] thr=1   paramiko.transport: Remote version/idstring: SSH-2.0-OpenSSH_7.5
INF [20180602-21:44:50.012] thr=1   paramiko.transport: Connected (version 2.0, client OpenSSH_7.5)
DEB [20180602-21:44:50.022] thr=1   paramiko.transport: kex algos:['curve25519-sha256', 'curve25519-sha256@libssh.org', 'ecdh-sha2-nistp256', 'ecdh-sha2-nistp384', 'ecdh-sha2-nistp521', 'diffie-hellman-group-exchange-sha256', 'diffie-hellman-group16-sha512', 'diffie-hellman-group18-sha512', 'diffie-hellman-group14-sha256', 'diffie-hellman-group14-sha1'] server key:['ssh-rsa', 'rsa-sha2-512', 'rsa-sha2-256'] client encrypt:['aes128-ctr', 'aes192-ctr', 'aes256-ctr', '3des-cbc'] server encrypt:['aes128-ctr', 'aes192-ctr', 'aes256-ctr', '3des-cbc'] client mac:['hmac-sha2-256', 'hmac-sha2-512', 'hmac-sha1'] server mac:['hmac-sha2-256', 'hmac-sha2-512', 'hmac-sha1'] client compress:['none', 'zlib@openssh.com'] server compress:['none', 'zlib@openssh.com'] client lang:[''] server lang:[''] kex follows?False
DEB [20180602-21:44:50.022] thr=1   paramiko.transport: Kex agreed: ecdh-sha2-nistp256
DEB [20180602-21:44:50.022] thr=1   paramiko.transport: HostKey agreed: ssh-rsa
DEB [20180602-21:44:50.022] thr=1   paramiko.transport: Cipher agreed: aes128-ctr
DEB [20180602-21:44:50.022] thr=1   paramiko.transport: MAC agreed: hmac-sha2-256
DEB [20180602-21:44:50.022] thr=1   paramiko.transport: Compression agreed: none
DEB [20180602-21:44:50.202] thr=1   paramiko.transport: kex engine KexNistp256 specified hash_algo <built-in function openssl_sha256>
DEB [20180602-21:44:50.202] thr=1   paramiko.transport: Switch to new keys ...
DEB [20180602-21:44:50.202] thr=2   paramiko.transport: Adding ssh-rsa host key for 172.16.1.201: b'604598cac6e4f25ac3ea8ad67ffe0784'
DEB [20180602-21:44:50.312] thr=1   paramiko.transport: userauth is OK
DEB [20180602-21:44:50.322] thr=1   paramiko.transport: Authentication type (password) not permitted.
DEB [20180602-21:44:50.322] thr=1   paramiko.transport: Allowed methods: ['publickey', 'keyboard-interactive']
DEB [20180602-21:44:50.322] thr=1   paramiko.transport: userauth is OK
INF [20180602-21:44:50.412] thr=1   paramiko.transport: Authentication (keyboard-interactive) successful!
DEB [20180602-21:44:50.412] thr=2   paramiko.transport: [chan 0] Max packet in: 32768 bytes
DEB [20180602-21:44:50.422] thr=1   paramiko.transport: Received global request "hostkeys-00@openssh.com"
DEB [20180602-21:44:50.422] thr=1   paramiko.transport: Rejecting "hostkeys-00@openssh.com" global request from server.
DEB [20180602-21:44:50.472] thr=1   paramiko.transport: [chan 0] Max packet out: 32768 bytes
DEB [20180602-21:44:50.472] thr=1   paramiko.transport: Secsh channel 0 opened.
DEB [20180602-21:44:50.472] thr=1   paramiko.transport: [chan 0] Sesch channel 0 request ok
DEB [20180602-21:44:50.472] thr=1   paramiko.transport: EOF in transport thread
DEB [20180602-21:46:32.832] thr=3   paramiko.transport: starting thread (client mode): 0x4cb69d0
DEB [20180602-21:46:32.832] thr=3   paramiko.transport: Local version/idstring: SSH-2.0-paramiko_2.4.1
DEB [20180602-21:46:32.842] thr=3   paramiko.transport: Remote version/idstring: SSH-2.0-OpenSSH_7.5
INF [20180602-21:46:32.842] thr=3   paramiko.transport: Connected (version 2.0, client OpenSSH_7.5)
DEB [20180602-21:46:32.852] thr=3   paramiko.transport: kex algos:['curve25519-sha256', 'curve25519-sha256@libssh.org', 'ecdh-sha2-nistp256', 'ecdh-sha2-nistp384', 'ecdh-sha2-nistp521', 'diffie-hellman-group-exchange-sha256', 'diffie-hellman-group16-sha512', 'diffie-hellman-group18-sha512', 'diffie-hellman-group14-sha256', 'diffie-hellman-group14-sha1'] server key:['ssh-rsa', 'rsa-sha2-512', 'rsa-sha2-256'] client encrypt:['aes128-ctr', 'aes192-ctr', 'aes256-ctr', '3des-cbc'] server encrypt:['aes128-ctr', 'aes192-ctr', 'aes256-ctr', '3des-cbc'] client mac:['hmac-sha2-256', 'hmac-sha2-512', 'hmac-sha1'] server mac:['hmac-sha2-256', 'hmac-sha2-512', 'hmac-sha1'] client compress:['none', 'zlib@openssh.com'] server compress:['none', 'zlib@openssh.com'] client lang:[''] server lang:[''] kex follows?False
DEB [20180602-21:46:32.852] thr=3   paramiko.transport: Kex agreed: ecdh-sha2-nistp256
DEB [20180602-21:46:32.852] thr=3   paramiko.transport: HostKey agreed: ssh-rsa
DEB [20180602-21:46:32.852] thr=3   paramiko.transport: Cipher agreed: aes128-ctr
DEB [20180602-21:46:32.852] thr=3   paramiko.transport: MAC agreed: hmac-sha2-256
DEB [20180602-21:46:32.852] thr=3   paramiko.transport: Compression agreed: none
DEB [20180602-21:46:32.882] thr=3   paramiko.transport: kex engine KexNistp256 specified hash_algo <built-in function openssl_sha256>
DEB [20180602-21:46:32.883] thr=3   paramiko.transport: Switch to new keys ...
DEB [20180602-21:46:32.885] thr=2   paramiko.transport: Adding ssh-rsa host key for 172.16.1.201: b'604598cac6e4f25ac3ea8ad67ffe0784'
DEB [20180602-21:46:32.993] thr=3   paramiko.transport: userauth is OK
DEB [20180602-21:46:33.003] thr=3   paramiko.transport: Authentication type (password) not permitted.
DEB [20180602-21:46:33.003] thr=3   paramiko.transport: Allowed methods: ['publickey', 'keyboard-interactive']
DEB [20180602-21:46:33.003] thr=3   paramiko.transport: userauth is OK
INF [20180602-21:46:33.093] thr=3   paramiko.transport: Authentication (keyboard-interactive) successful!
DEB [20180602-21:46:33.093] thr=2   paramiko.transport: [chan 0] Max packet in: 32768 bytes
DEB [20180602-21:46:33.113] thr=3   paramiko.transport: Received global request "hostkeys-00@openssh.com"
DEB [20180602-21:46:33.113] thr=3   paramiko.transport: Rejecting "hostkeys-00@openssh.com" global request from server.
DEB [20180602-21:46:33.163] thr=3   paramiko.transport: [chan 0] Max packet out: 32768 bytes
DEB [20180602-21:46:33.163] thr=3   paramiko.transport: Secsh channel 0 opened.
DEB [20180602-21:46:33.163] thr=3   paramiko.transport: [chan 0] Sesch channel 0 request ok
DEB [20180602-21:46:33.163] thr=3   paramiko.transport: EOF in transport thread
DEB [20180602-21:49:12.037] thr=1   paramiko.transport: starting thread (client mode): 0x400d210
DEB [20180602-21:49:12.041] thr=1   paramiko.transport: Local version/idstring: SSH-2.0-paramiko_2.4.1
DEB [20180602-21:49:12.050] thr=1   paramiko.transport: Remote version/idstring: SSH-2.0-OpenSSH_7.5
INF [20180602-21:49:12.052] thr=1   paramiko.transport: Connected (version 2.0, client OpenSSH_7.5)
DEB [20180602-21:49:12.114] thr=1   paramiko.transport: kex algos:['curve25519-sha256', 'curve25519-sha256@libssh.org', 'ecdh-sha2-nistp256', 'ecdh-sha2-nistp384', 'ecdh-sha2-nistp521', 'diffie-hellman-group-exchange-sha256', 'diffie-hellman-group16-sha512', 'diffie-hellman-group18-sha512', 'diffie-hellman-group14-sha256', 'diffie-hellman-group14-sha1'] server key:['ssh-rsa', 'rsa-sha2-512', 'rsa-sha2-256'] client encrypt:['aes128-ctr', 'aes192-ctr', 'aes256-ctr', '3des-cbc'] server encrypt:['aes128-ctr', 'aes192-ctr', 'aes256-ctr', '3des-cbc'] client mac:['hmac-sha2-256', 'hmac-sha2-512', 'hmac-sha1'] server mac:['hmac-sha2-256', 'hmac-sha2-512', 'hmac-sha1'] client compress:['none', 'zlib@openssh.com'] server compress:['none', 'zlib@openssh.com'] client lang:[''] server lang:[''] kex follows?False
DEB [20180602-21:49:12.114] thr=1   paramiko.transport: Kex agreed: ecdh-sha2-nistp256
DEB [20180602-21:49:12.124] thr=1   paramiko.transport: HostKey agreed: ssh-rsa
DEB [20180602-21:49:12.124] thr=1   paramiko.transport: Cipher agreed: aes128-ctr
DEB [20180602-21:49:12.124] thr=1   paramiko.transport: MAC agreed: hmac-sha2-256
DEB [20180602-21:49:12.124] thr=1   paramiko.transport: Compression agreed: none
DEB [20180602-21:49:12.454] thr=1   paramiko.transport: kex engine KexNistp256 specified hash_algo <built-in function openssl_sha256>
DEB [20180602-21:49:12.454] thr=1   paramiko.transport: Switch to new keys ...
DEB [20180602-21:49:12.454] thr=2   paramiko.transport: Adding ssh-rsa host key for 172.16.1.201: b'604598cac6e4f25ac3ea8ad67ffe0784'
DEB [20180602-21:49:12.564] thr=1   paramiko.transport: userauth is OK
DEB [20180602-21:49:12.564] thr=1   paramiko.transport: Authentication type (password) not permitted.
DEB [20180602-21:49:12.564] thr=1   paramiko.transport: Allowed methods: ['publickey', 'keyboard-interactive']
DEB [20180602-21:49:12.564] thr=1   paramiko.transport: userauth is OK
INF [20180602-21:49:12.674] thr=1   paramiko.transport: Authentication (keyboard-interactive) successful!
DEB [20180602-21:49:12.674] thr=2   paramiko.transport: [chan 0] Max packet in: 32768 bytes
DEB [20180602-21:49:12.694] thr=1   paramiko.transport: Received global request "hostkeys-00@openssh.com"
DEB [20180602-21:49:12.694] thr=1   paramiko.transport: Rejecting "hostkeys-00@openssh.com" global request from server.
DEB [20180602-21:49:12.744] thr=1   paramiko.transport: [chan 0] Max packet out: 32768 bytes
DEB [20180602-21:49:12.744] thr=1   paramiko.transport: Secsh channel 0 opened.
DEB [20180602-21:49:12.744] thr=1   paramiko.transport: [chan 0] Sesch channel 0 request ok
DEB [20180602-21:49:12.744] thr=1   paramiko.transport: EOF in transport thread
DEB [20180602-21:51:29.433] thr=3   paramiko.transport: starting thread (client mode): 0x43e5c70
DEB [20180602-21:51:29.433] thr=3   paramiko.transport: Local version/idstring: SSH-2.0-paramiko_2.4.1
DEB [20180602-21:51:29.443] thr=3   paramiko.transport: Remote version/idstring: SSH-2.0-OpenSSH_7.5
INF [20180602-21:51:29.443] thr=3   paramiko.transport: Connected (version 2.0, client OpenSSH_7.5)
DEB [20180602-21:51:29.443] thr=3   paramiko.transport: kex algos:['curve25519-sha256', 'curve25519-sha256@libssh.org', 'ecdh-sha2-nistp256', 'ecdh-sha2-nistp384', 'ecdh-sha2-nistp521', 'diffie-hellman-group-exchange-sha256', 'diffie-hellman-group16-sha512', 'diffie-hellman-group18-sha512', 'diffie-hellman-group14-sha256', 'diffie-hellman-group14-sha1'] server key:['ssh-rsa', 'rsa-sha2-512', 'rsa-sha2-256'] client encrypt:['aes128-ctr', 'aes192-ctr', 'aes256-ctr', '3des-cbc'] server encrypt:['aes128-ctr', 'aes192-ctr', 'aes256-ctr', '3des-cbc'] client mac:['hmac-sha2-256', 'hmac-sha2-512', 'hmac-sha1'] server mac:['hmac-sha2-256', 'hmac-sha2-512', 'hmac-sha1'] client compress:['none', 'zlib@openssh.com'] server compress:['none', 'zlib@openssh.com'] client lang:[''] server lang:[''] kex follows?False
DEB [20180602-21:51:29.443] thr=3   paramiko.transport: Kex agreed: ecdh-sha2-nistp256
DEB [20180602-21:51:29.443] thr=3   paramiko.transport: HostKey agreed: ssh-rsa
DEB [20180602-21:51:29.453] thr=3   paramiko.transport: Cipher agreed: aes128-ctr
DEB [20180602-21:51:29.453] thr=3   paramiko.transport: MAC agreed: hmac-sha2-256
DEB [20180602-21:51:29.453] thr=3   paramiko.transport: Compression agreed: none
DEB [20180602-21:51:29.473] thr=3   paramiko.transport: kex engine KexNistp256 specified hash_algo <built-in function openssl_sha256>
DEB [20180602-21:51:29.473] thr=3   paramiko.transport: Switch to new keys ...
DEB [20180602-21:51:29.473] thr=2   paramiko.transport: Adding ssh-rsa host key for 172.16.1.201: b'604598cac6e4f25ac3ea8ad67ffe0784'
DEB [20180602-21:51:29.583] thr=3   paramiko.transport: userauth is OK
DEB [20180602-21:51:29.583] thr=3   paramiko.transport: Authentication type (password) not permitted.
DEB [20180602-21:51:29.583] thr=3   paramiko.transport: Allowed methods: ['publickey', 'keyboard-interactive']
DEB [20180602-21:51:29.583] thr=3   paramiko.transport: userauth is OK
INF [20180602-21:51:29.673] thr=3   paramiko.transport: Authentication (keyboard-interactive) successful!
DEB [20180602-21:51:29.673] thr=2   paramiko.transport: [chan 0] Max packet in: 32768 bytes
DEB [20180602-21:51:29.683] thr=3   paramiko.transport: Received global request "hostkeys-00@openssh.com"
DEB [20180602-21:51:29.683] thr=3   paramiko.transport: Rejecting "hostkeys-00@openssh.com" global request from server.
DEB [20180602-21:51:29.733] thr=3   paramiko.transport: [chan 0] Max packet out: 32768 bytes
DEB [20180602-21:51:29.733] thr=3   paramiko.transport: Secsh channel 0 opened.
DEB [20180602-21:51:29.733] thr=3   paramiko.transport: [chan 0] Sesch channel 0 request ok
DEB [20180602-21:51:29.733] thr=3   paramiko.transport: EOF in transport thread
DEB [20180603-10:38:09.470] thr=1   paramiko.transport: starting thread (client mode): 0x48534f0
DEB [20180603-10:38:09.470] thr=1   paramiko.transport: Local version/idstring: SSH-2.0-paramiko_2.4.1
DEB [20180603-10:38:09.490] thr=1   paramiko.transport: Remote version/idstring: SSH-2.0-OpenSSH_7.5
INF [20180603-10:38:09.490] thr=1   paramiko.transport: Connected (version 2.0, client OpenSSH_7.5)
DEB [20180603-10:38:09.490] thr=1   paramiko.transport: kex algos:['curve25519-sha256', 'curve25519-sha256@libssh.org', 'ecdh-sha2-nistp256', 'ecdh-sha2-nistp384', 'ecdh-sha2-nistp521', 'diffie-hellman-group-exchange-sha256', 'diffie-hellman-group16-sha512', 'diffie-hellman-group18-sha512', 'diffie-hellman-group14-sha256', 'diffie-hellman-group14-sha1'] server key:['ssh-rsa', 'rsa-sha2-512', 'rsa-sha2-256'] client encrypt:['aes128-ctr', 'aes192-ctr', 'aes256-ctr', '3des-cbc'] server encrypt:['aes128-ctr', 'aes192-ctr', 'aes256-ctr', '3des-cbc'] client mac:['hmac-sha2-256', 'hmac-sha2-512', 'hmac-sha1'] server mac:['hmac-sha2-256', 'hmac-sha2-512', 'hmac-sha1'] client compress:['none', 'zlib@openssh.com'] server compress:['none', 'zlib@openssh.com'] client lang:[''] server lang:[''] kex follows?False
DEB [20180603-10:38:09.490] thr=1   paramiko.transport: Kex agreed: ecdh-sha2-nistp256
DEB [20180603-10:38:09.500] thr=1   paramiko.transport: HostKey agreed: ssh-rsa
DEB [20180603-10:38:09.500] thr=1   paramiko.transport: Cipher agreed: aes128-ctr
DEB [20180603-10:38:09.500] thr=1   paramiko.transport: MAC agreed: hmac-sha2-256
DEB [20180603-10:38:09.500] thr=1   paramiko.transport: Compression agreed: none
DEB [20180603-10:38:09.770] thr=1   paramiko.transport: kex engine KexNistp256 specified hash_algo <built-in function openssl_sha256>
DEB [20180603-10:38:09.770] thr=1   paramiko.transport: Switch to new keys ...
DEB [20180603-10:38:09.770] thr=2   paramiko.transport: Adding ssh-rsa host key for 172.16.1.201: b'604598cac6e4f25ac3ea8ad67ffe0784'
DEB [20180603-10:38:10.080] thr=1   paramiko.transport: userauth is OK
DEB [20180603-10:38:10.170] thr=1   paramiko.transport: Authentication type (password) not permitted.
DEB [20180603-10:38:10.170] thr=1   paramiko.transport: Allowed methods: ['publickey', 'keyboard-interactive']
DEB [20180603-10:38:10.170] thr=1   paramiko.transport: userauth is OK
INF [20180603-10:38:10.480] thr=1   paramiko.transport: Authentication (keyboard-interactive) successful!
DEB [20180603-10:38:10.480] thr=2   paramiko.transport: [chan 0] Max packet in: 32768 bytes
DEB [20180603-10:38:10.530] thr=1   paramiko.transport: Received global request "hostkeys-00@openssh.com"
DEB [20180603-10:38:10.530] thr=1   paramiko.transport: Rejecting "hostkeys-00@openssh.com" global request from server.
DEB [20180603-10:38:10.580] thr=1   paramiko.transport: [chan 0] Max packet out: 32768 bytes
DEB [20180603-10:38:10.580] thr=1   paramiko.transport: Secsh channel 0 opened.
DEB [20180603-10:38:10.590] thr=1   paramiko.transport: [chan 0] Sesch channel 0 request ok
DEB [20180603-10:38:10.590] thr=1   paramiko.transport: EOF in transport thread
DEB [20180603-10:43:21.270] thr=1   paramiko.transport: starting thread (client mode): 0x45c34f0
DEB [20180603-10:43:21.270] thr=1   paramiko.transport: Local version/idstring: SSH-2.0-paramiko_2.4.1
DEB [20180603-10:43:21.280] thr=1   paramiko.transport: Remote version/idstring: SSH-2.0-OpenSSH_7.5
INF [20180603-10:43:21.280] thr=1   paramiko.transport: Connected (version 2.0, client OpenSSH_7.5)
DEB [20180603-10:43:21.290] thr=1   paramiko.transport: kex algos:['curve25519-sha256', 'curve25519-sha256@libssh.org', 'ecdh-sha2-nistp256', 'ecdh-sha2-nistp384', 'ecdh-sha2-nistp521', 'diffie-hellman-group-exchange-sha256', 'diffie-hellman-group16-sha512', 'diffie-hellman-group18-sha512', 'diffie-hellman-group14-sha256', 'diffie-hellman-group14-sha1'] server key:['ssh-rsa', 'rsa-sha2-512', 'rsa-sha2-256'] client encrypt:['aes128-ctr', 'aes192-ctr', 'aes256-ctr', '3des-cbc'] server encrypt:['aes128-ctr', 'aes192-ctr', 'aes256-ctr', '3des-cbc'] client mac:['hmac-sha2-256', 'hmac-sha2-512', 'hmac-sha1'] server mac:['hmac-sha2-256', 'hmac-sha2-512', 'hmac-sha1'] client compress:['none', 'zlib@openssh.com'] server compress:['none', 'zlib@openssh.com'] client lang:[''] server lang:[''] kex follows?False
DEB [20180603-10:43:21.290] thr=1   paramiko.transport: Kex agreed: ecdh-sha2-nistp256
DEB [20180603-10:43:21.290] thr=1   paramiko.transport: HostKey agreed: ssh-rsa
DEB [20180603-10:43:21.290] thr=1   paramiko.transport: Cipher agreed: aes128-ctr
DEB [20180603-10:43:21.290] thr=1   paramiko.transport: MAC agreed: hmac-sha2-256
DEB [20180603-10:43:21.290] thr=1   paramiko.transport: Compression agreed: none
DEB [20180603-10:43:21.400] thr=1   paramiko.transport: kex engine KexNistp256 specified hash_algo <built-in function openssl_sha256>
DEB [20180603-10:43:21.400] thr=1   paramiko.transport: Switch to new keys ...
DEB [20180603-10:43:21.400] thr=2   paramiko.transport: Adding ssh-rsa host key for 172.16.1.201: b'604598cac6e4f25ac3ea8ad67ffe0784'
DEB [20180603-10:43:21.510] thr=1   paramiko.transport: userauth is OK
DEB [20180603-10:43:21.510] thr=1   paramiko.transport: Authentication type (password) not permitted.
DEB [20180603-10:43:21.510] thr=1   paramiko.transport: Allowed methods: ['publickey', 'keyboard-interactive']
DEB [20180603-10:43:21.510] thr=1   paramiko.transport: userauth is OK
INF [20180603-10:43:21.560] thr=1   paramiko.transport: Authentication (keyboard-interactive) successful!
DEB [20180603-10:43:21.560] thr=2   paramiko.transport: [chan 0] Max packet in: 32768 bytes
DEB [20180603-10:43:21.580] thr=1   paramiko.transport: Received global request "hostkeys-00@openssh.com"
DEB [20180603-10:43:21.580] thr=1   paramiko.transport: Rejecting "hostkeys-00@openssh.com" global request from server.
DEB [20180603-10:43:21.620] thr=1   paramiko.transport: [chan 0] Max packet out: 32768 bytes
DEB [20180603-10:43:21.620] thr=1   paramiko.transport: Secsh channel 0 opened.
DEB [20180603-10:43:21.620] thr=1   paramiko.transport: [chan 0] Sesch channel 0 request ok
DEB [20180603-10:43:21.620] thr=1   paramiko.transport: EOF in transport thread
DEB [20180603-10:45:15.537] thr=3   paramiko.transport: starting thread (client mode): 0x4a73930
DEB [20180603-10:45:15.537] thr=3   paramiko.transport: Local version/idstring: SSH-2.0-paramiko_2.4.1
DEB [20180603-10:45:15.547] thr=3   paramiko.transport: Remote version/idstring: SSH-2.0-OpenSSH_7.5
INF [20180603-10:45:15.547] thr=3   paramiko.transport: Connected (version 2.0, client OpenSSH_7.5)
DEB [20180603-10:45:15.557] thr=3   paramiko.transport: kex algos:['curve25519-sha256', 'curve25519-sha256@libssh.org', 'ecdh-sha2-nistp256', 'ecdh-sha2-nistp384', 'ecdh-sha2-nistp521', 'diffie-hellman-group-exchange-sha256', 'diffie-hellman-group16-sha512', 'diffie-hellman-group18-sha512', 'diffie-hellman-group14-sha256', 'diffie-hellman-group14-sha1'] server key:['ssh-rsa', 'rsa-sha2-512', 'rsa-sha2-256'] client encrypt:['aes128-ctr', 'aes192-ctr', 'aes256-ctr', '3des-cbc'] server encrypt:['aes128-ctr', 'aes192-ctr', 'aes256-ctr', '3des-cbc'] client mac:['hmac-sha2-256', 'hmac-sha2-512', 'hmac-sha1'] server mac:['hmac-sha2-256', 'hmac-sha2-512', 'hmac-sha1'] client compress:['none', 'zlib@openssh.com'] server compress:['none', 'zlib@openssh.com'] client lang:[''] server lang:[''] kex follows?False
DEB [20180603-10:45:15.557] thr=3   paramiko.transport: Kex agreed: ecdh-sha2-nistp256
DEB [20180603-10:45:15.557] thr=3   paramiko.transport: HostKey agreed: ssh-rsa
DEB [20180603-10:45:15.557] thr=3   paramiko.transport: Cipher agreed: aes128-ctr
DEB [20180603-10:45:15.557] thr=3   paramiko.transport: MAC agreed: hmac-sha2-256
DEB [20180603-10:45:15.557] thr=3   paramiko.transport: Compression agreed: none
DEB [20180603-10:45:15.577] thr=3   paramiko.transport: kex engine KexNistp256 specified hash_algo <built-in function openssl_sha256>
DEB [20180603-10:45:15.587] thr=3   paramiko.transport: Switch to new keys ...
DEB [20180603-10:45:15.587] thr=2   paramiko.transport: Adding ssh-rsa host key for 172.16.1.201: b'604598cac6e4f25ac3ea8ad67ffe0784'
DEB [20180603-10:45:15.687] thr=3   paramiko.transport: userauth is OK
DEB [20180603-10:45:15.697] thr=3   paramiko.transport: Authentication type (password) not permitted.
DEB [20180603-10:45:15.697] thr=3   paramiko.transport: Allowed methods: ['publickey', 'keyboard-interactive']
DEB [20180603-10:45:15.697] thr=3   paramiko.transport: userauth is OK
INF [20180603-10:45:15.777] thr=3   paramiko.transport: Authentication (keyboard-interactive) successful!
DEB [20180603-10:45:15.787] thr=2   paramiko.transport: [chan 0] Max packet in: 32768 bytes
DEB [20180603-10:45:15.787] thr=3   paramiko.transport: Received global request "hostkeys-00@openssh.com"
DEB [20180603-10:45:15.787] thr=3   paramiko.transport: Rejecting "hostkeys-00@openssh.com" global request from server.
DEB [20180603-10:45:15.837] thr=3   paramiko.transport: [chan 0] Max packet out: 32768 bytes
DEB [20180603-10:45:15.837] thr=3   paramiko.transport: Secsh channel 0 opened.
DEB [20180603-10:45:15.837] thr=3   paramiko.transport: [chan 0] Sesch channel 0 request ok
DEB [20180603-10:45:15.837] thr=3   paramiko.transport: EOF in transport thread
DEB [20180603-11:36:40.034] thr=1   paramiko.transport: starting thread (client mode): 0x48e2510
DEB [20180603-11:36:40.044] thr=1   paramiko.transport: Local version/idstring: SSH-2.0-paramiko_2.4.1
DEB [20180603-11:36:40.044] thr=1   paramiko.transport: Remote version/idstring: SSH-2.0-OpenSSH_7.5
INF [20180603-11:36:40.044] thr=1   paramiko.transport: Connected (version 2.0, client OpenSSH_7.5)
DEB [20180603-11:36:40.054] thr=1   paramiko.transport: kex algos:['curve25519-sha256', 'curve25519-sha256@libssh.org', 'ecdh-sha2-nistp256', 'ecdh-sha2-nistp384', 'ecdh-sha2-nistp521', 'diffie-hellman-group-exchange-sha256', 'diffie-hellman-group16-sha512', 'diffie-hellman-group18-sha512', 'diffie-hellman-group14-sha256', 'diffie-hellman-group14-sha1'] server key:['ssh-rsa', 'rsa-sha2-512', 'rsa-sha2-256'] client encrypt:['aes128-ctr', 'aes192-ctr', 'aes256-ctr', '3des-cbc'] server encrypt:['aes128-ctr', 'aes192-ctr', 'aes256-ctr', '3des-cbc'] client mac:['hmac-sha2-256', 'hmac-sha2-512', 'hmac-sha1'] server mac:['hmac-sha2-256', 'hmac-sha2-512', 'hmac-sha1'] client compress:['none', 'zlib@openssh.com'] server compress:['none', 'zlib@openssh.com'] client lang:[''] server lang:[''] kex follows?False
DEB [20180603-11:36:40.054] thr=1   paramiko.transport: Kex agreed: ecdh-sha2-nistp256
DEB [20180603-11:36:40.054] thr=1   paramiko.transport: HostKey agreed: ssh-rsa
DEB [20180603-11:36:40.054] thr=1   paramiko.transport: Cipher agreed: aes128-ctr
DEB [20180603-11:36:40.054] thr=1   paramiko.transport: MAC agreed: hmac-sha2-256
DEB [20180603-11:36:40.054] thr=1   paramiko.transport: Compression agreed: none
DEB [20180603-11:36:40.224] thr=1   paramiko.transport: kex engine KexNistp256 specified hash_algo <built-in function openssl_sha256>
DEB [20180603-11:36:40.224] thr=1   paramiko.transport: Switch to new keys ...
DEB [20180603-11:36:40.224] thr=2   paramiko.transport: Adding ssh-rsa host key for 172.16.1.201: b'604598cac6e4f25ac3ea8ad67ffe0784'
DEB [20180603-11:36:40.344] thr=1   paramiko.transport: userauth is OK
DEB [20180603-11:36:40.344] thr=1   paramiko.transport: Authentication type (password) not permitted.
DEB [20180603-11:36:40.354] thr=1   paramiko.transport: Allowed methods: ['publickey', 'keyboard-interactive']
DEB [20180603-11:36:40.354] thr=1   paramiko.transport: userauth is OK
INF [20180603-11:36:40.465] thr=1   paramiko.transport: Authentication (keyboard-interactive) successful!
DEB [20180603-11:36:40.465] thr=2   paramiko.transport: [chan 0] Max packet in: 32768 bytes
DEB [20180603-11:36:40.465] thr=1   paramiko.transport: Received global request "hostkeys-00@openssh.com"
DEB [20180603-11:36:40.465] thr=1   paramiko.transport: Rejecting "hostkeys-00@openssh.com" global request from server.
DEB [20180603-11:36:40.514] thr=1   paramiko.transport: [chan 0] Max packet out: 32768 bytes
DEB [20180603-11:36:40.514] thr=1   paramiko.transport: Secsh channel 0 opened.
DEB [20180603-11:36:40.514] thr=1   paramiko.transport: [chan 0] Sesch channel 0 request ok
DEB [20180603-11:36:40.514] thr=1   paramiko.transport: EOF in transport thread
DEB [20180603-11:38:48.207] thr=3   paramiko.transport: starting thread (client mode): 0x4cf3930
DEB [20180603-11:38:48.207] thr=3   paramiko.transport: Local version/idstring: SSH-2.0-paramiko_2.4.1
DEB [20180603-11:38:48.217] thr=3   paramiko.transport: Remote version/idstring: SSH-2.0-OpenSSH_7.5
INF [20180603-11:38:48.217] thr=3   paramiko.transport: Connected (version 2.0, client OpenSSH_7.5)
DEB [20180603-11:38:48.227] thr=3   paramiko.transport: kex algos:['curve25519-sha256', 'curve25519-sha256@libssh.org', 'ecdh-sha2-nistp256', 'ecdh-sha2-nistp384', 'ecdh-sha2-nistp521', 'diffie-hellman-group-exchange-sha256', 'diffie-hellman-group16-sha512', 'diffie-hellman-group18-sha512', 'diffie-hellman-group14-sha256', 'diffie-hellman-group14-sha1'] server key:['ssh-rsa', 'rsa-sha2-512', 'rsa-sha2-256'] client encrypt:['aes128-ctr', 'aes192-ctr', 'aes256-ctr', '3des-cbc'] server encrypt:['aes128-ctr', 'aes192-ctr', 'aes256-ctr', '3des-cbc'] client mac:['hmac-sha2-256', 'hmac-sha2-512', 'hmac-sha1'] server mac:['hmac-sha2-256', 'hmac-sha2-512', 'hmac-sha1'] client compress:['none', 'zlib@openssh.com'] server compress:['none', 'zlib@openssh.com'] client lang:[''] server lang:[''] kex follows?False
DEB [20180603-11:38:48.227] thr=3   paramiko.transport: Kex agreed: ecdh-sha2-nistp256
DEB [20180603-11:38:48.227] thr=3   paramiko.transport: HostKey agreed: ssh-rsa
DEB [20180603-11:38:48.227] thr=3   paramiko.transport: Cipher agreed: aes128-ctr
DEB [20180603-11:38:48.227] thr=3   paramiko.transport: MAC agreed: hmac-sha2-256
DEB [20180603-11:38:48.227] thr=3   paramiko.transport: Compression agreed: none
DEB [20180603-11:38:48.257] thr=3   paramiko.transport: kex engine KexNistp256 specified hash_algo <built-in function openssl_sha256>
DEB [20180603-11:38:48.257] thr=3   paramiko.transport: Switch to new keys ...
DEB [20180603-11:38:48.257] thr=2   paramiko.transport: Adding ssh-rsa host key for 172.16.1.201: b'604598cac6e4f25ac3ea8ad67ffe0784'
DEB [20180603-11:38:48.365] thr=3   paramiko.transport: userauth is OK
DEB [20180603-11:38:48.372] thr=3   paramiko.transport: Authentication type (password) not permitted.
DEB [20180603-11:38:48.373] thr=3   paramiko.transport: Allowed methods: ['publickey', 'keyboard-interactive']
DEB [20180603-11:38:48.374] thr=3   paramiko.transport: userauth is OK
INF [20180603-11:38:48.461] thr=3   paramiko.transport: Authentication (keyboard-interactive) successful!
DEB [20180603-11:38:48.461] thr=2   paramiko.transport: [chan 0] Max packet in: 32768 bytes
DEB [20180603-11:38:48.461] thr=3   paramiko.transport: Received global request "hostkeys-00@openssh.com"
DEB [20180603-11:38:48.461] thr=3   paramiko.transport: Rejecting "hostkeys-00@openssh.com" global request from server.
DEB [20180603-11:38:48.511] thr=3   paramiko.transport: [chan 0] Max packet out: 32768 bytes
DEB [20180603-11:38:48.511] thr=3   paramiko.transport: Secsh channel 0 opened.
DEB [20180603-11:38:48.511] thr=3   paramiko.transport: [chan 0] Sesch channel 0 request ok
DEB [20180603-11:38:48.511] thr=3   paramiko.transport: EOF in transport thread
DEB [20180603-15:40:34.221] thr=1   paramiko.transport: starting thread (client mode): 0x475d690
DEB [20180603-15:40:34.221] thr=1   paramiko.transport: Local version/idstring: SSH-2.0-paramiko_2.4.1
DEB [20180603-15:40:34.241] thr=1   paramiko.transport: Remote version/idstring: SSH-2.0-OpenSSH_7.5
INF [20180603-15:40:34.241] thr=1   paramiko.transport: Connected (version 2.0, client OpenSSH_7.5)
DEB [20180603-15:40:34.241] thr=1   paramiko.transport: kex algos:['curve25519-sha256', 'curve25519-sha256@libssh.org', 'ecdh-sha2-nistp256', 'ecdh-sha2-nistp384', 'ecdh-sha2-nistp521', 'diffie-hellman-group-exchange-sha256', 'diffie-hellman-group16-sha512', 'diffie-hellman-group18-sha512', 'diffie-hellman-group14-sha256', 'diffie-hellman-group14-sha1'] server key:['ssh-rsa', 'rsa-sha2-512', 'rsa-sha2-256'] client encrypt:['aes128-ctr', 'aes192-ctr', 'aes256-ctr', '3des-cbc'] server encrypt:['aes128-ctr', 'aes192-ctr', 'aes256-ctr', '3des-cbc'] client mac:['hmac-sha2-256', 'hmac-sha2-512', 'hmac-sha1'] server mac:['hmac-sha2-256', 'hmac-sha2-512', 'hmac-sha1'] client compress:['none', 'zlib@openssh.com'] server compress:['none', 'zlib@openssh.com'] client lang:[''] server lang:[''] kex follows?False
DEB [20180603-15:40:34.241] thr=1   paramiko.transport: Kex agreed: ecdh-sha2-nistp256
DEB [20180603-15:40:34.241] thr=1   paramiko.transport: HostKey agreed: ssh-rsa
DEB [20180603-15:40:34.241] thr=1   paramiko.transport: Cipher agreed: aes128-ctr
DEB [20180603-15:40:34.241] thr=1   paramiko.transport: MAC agreed: hmac-sha2-256
DEB [20180603-15:40:34.241] thr=1   paramiko.transport: Compression agreed: none
DEB [20180603-15:40:34.401] thr=1   paramiko.transport: kex engine KexNistp256 specified hash_algo <built-in function openssl_sha256>
DEB [20180603-15:40:34.401] thr=1   paramiko.transport: Switch to new keys ...
DEB [20180603-15:40:34.401] thr=2   paramiko.transport: Adding ssh-rsa host key for 172.16.1.201: b'604598cac6e4f25ac3ea8ad67ffe0784'
DEB [20180603-15:40:34.501] thr=1   paramiko.transport: userauth is OK
DEB [20180603-15:40:34.511] thr=1   paramiko.transport: Authentication type (password) not permitted.
DEB [20180603-15:40:34.511] thr=1   paramiko.transport: Allowed methods: ['publickey', 'keyboard-interactive']
DEB [20180603-15:40:34.511] thr=1   paramiko.transport: userauth is OK
INF [20180603-15:40:34.561] thr=1   paramiko.transport: Authentication (keyboard-interactive) successful!
DEB [20180603-15:40:34.561] thr=2   paramiko.transport: [chan 0] Max packet in: 32768 bytes
DEB [20180603-15:40:34.571] thr=1   paramiko.transport: Received global request "hostkeys-00@openssh.com"
DEB [20180603-15:40:34.571] thr=1   paramiko.transport: Rejecting "hostkeys-00@openssh.com" global request from server.
DEB [20180603-15:40:34.611] thr=1   paramiko.transport: [chan 0] Max packet out: 32768 bytes
DEB [20180603-15:40:34.611] thr=1   paramiko.transport: Secsh channel 0 opened.
DEB [20180603-15:40:34.611] thr=1   paramiko.transport: [chan 0] Sesch channel 0 request ok
DEB [20180603-15:40:34.611] thr=1   paramiko.transport: EOF in transport thread
DEB [20180603-15:42:52.828] thr=3   paramiko.transport: starting thread (client mode): 0x4b6e050
DEB [20180603-15:42:52.828] thr=3   paramiko.transport: Local version/idstring: SSH-2.0-paramiko_2.4.1
DEB [20180603-15:42:52.838] thr=3   paramiko.transport: Remote version/idstring: SSH-2.0-OpenSSH_7.5
INF [20180603-15:42:52.838] thr=3   paramiko.transport: Connected (version 2.0, client OpenSSH_7.5)
DEB [20180603-15:42:52.838] thr=3   paramiko.transport: kex algos:['curve25519-sha256', 'curve25519-sha256@libssh.org', 'ecdh-sha2-nistp256', 'ecdh-sha2-nistp384', 'ecdh-sha2-nistp521', 'diffie-hellman-group-exchange-sha256', 'diffie-hellman-group16-sha512', 'diffie-hellman-group18-sha512', 'diffie-hellman-group14-sha256', 'diffie-hellman-group14-sha1'] server key:['ssh-rsa', 'rsa-sha2-512', 'rsa-sha2-256'] client encrypt:['aes128-ctr', 'aes192-ctr', 'aes256-ctr', '3des-cbc'] server encrypt:['aes128-ctr', 'aes192-ctr', 'aes256-ctr', '3des-cbc'] client mac:['hmac-sha2-256', 'hmac-sha2-512', 'hmac-sha1'] server mac:['hmac-sha2-256', 'hmac-sha2-512', 'hmac-sha1'] client compress:['none', 'zlib@openssh.com'] server compress:['none', 'zlib@openssh.com'] client lang:[''] server lang:[''] kex follows?False
DEB [20180603-15:42:52.838] thr=3   paramiko.transport: Kex agreed: ecdh-sha2-nistp256
DEB [20180603-15:42:52.838] thr=3   paramiko.transport: HostKey agreed: ssh-rsa
DEB [20180603-15:42:52.838] thr=3   paramiko.transport: Cipher agreed: aes128-ctr
DEB [20180603-15:42:52.838] thr=3   paramiko.transport: MAC agreed: hmac-sha2-256
DEB [20180603-15:42:52.838] thr=3   paramiko.transport: Compression agreed: none
DEB [20180603-15:42:52.858] thr=3   paramiko.transport: kex engine KexNistp256 specified hash_algo <built-in function openssl_sha256>
DEB [20180603-15:42:52.858] thr=3   paramiko.transport: Switch to new keys ...
DEB [20180603-15:42:52.858] thr=2   paramiko.transport: Adding ssh-rsa host key for 172.16.1.201: b'604598cac6e4f25ac3ea8ad67ffe0784'
DEB [20180603-15:42:52.958] thr=3   paramiko.transport: userauth is OK
DEB [20180603-15:42:52.958] thr=3   paramiko.transport: Authentication type (password) not permitted.
DEB [20180603-15:42:52.958] thr=3   paramiko.transport: Allowed methods: ['publickey', 'keyboard-interactive']
DEB [20180603-15:42:52.958] thr=3   paramiko.transport: userauth is OK
INF [20180603-15:42:53.008] thr=3   paramiko.transport: Authentication (keyboard-interactive) successful!
DEB [20180603-15:42:53.008] thr=2   paramiko.transport: [chan 0] Max packet in: 32768 bytes
DEB [20180603-15:42:53.018] thr=3   paramiko.transport: Received global request "hostkeys-00@openssh.com"
DEB [20180603-15:42:53.018] thr=3   paramiko.transport: Rejecting "hostkeys-00@openssh.com" global request from server.
DEB [20180603-15:42:53.068] thr=3   paramiko.transport: [chan 0] Max packet out: 32768 bytes
DEB [20180603-15:42:53.068] thr=3   paramiko.transport: Secsh channel 0 opened.
DEB [20180603-15:42:53.068] thr=3   paramiko.transport: [chan 0] Sesch channel 0 request ok
DEB [20180603-15:42:53.068] thr=3   paramiko.transport: EOF in transport thread
DEB [20180613-20:46:55.693] thr=1   paramiko.transport: starting thread (client mode): 0x39f44d0
DEB [20180613-20:46:55.693] thr=1   paramiko.transport: Local version/idstring: SSH-2.0-paramiko_2.4.1
DEB [20180613-20:46:55.923] thr=1   paramiko.transport: Remote version/idstring: SSH-2.0-OpenSSH_7.5
INF [20180613-20:46:55.923] thr=1   paramiko.transport: Connected (version 2.0, client OpenSSH_7.5)
DEB [20180613-20:46:55.933] thr=1   paramiko.transport: kex algos:['curve25519-sha256', 'curve25519-sha256@libssh.org', 'ecdh-sha2-nistp256', 'ecdh-sha2-nistp384', 'ecdh-sha2-nistp521', 'diffie-hellman-group-exchange-sha256', 'diffie-hellman-group16-sha512', 'diffie-hellman-group18-sha512', 'diffie-hellman-group14-sha256', 'diffie-hellman-group14-sha1'] server key:['ssh-rsa', 'rsa-sha2-512', 'rsa-sha2-256'] client encrypt:['aes128-ctr', 'aes192-ctr', 'aes256-ctr', '3des-cbc'] server encrypt:['aes128-ctr', 'aes192-ctr', 'aes256-ctr', '3des-cbc'] client mac:['hmac-sha2-256', 'hmac-sha2-512', 'hmac-sha1'] server mac:['hmac-sha2-256', 'hmac-sha2-512', 'hmac-sha1'] client compress:['none', 'zlib@openssh.com'] server compress:['none', 'zlib@openssh.com'] client lang:[''] server lang:[''] kex follows?False
DEB [20180613-20:46:55.933] thr=1   paramiko.transport: Kex agreed: ecdh-sha2-nistp256
DEB [20180613-20:46:55.933] thr=1   paramiko.transport: HostKey agreed: ssh-rsa
DEB [20180613-20:46:55.933] thr=1   paramiko.transport: Cipher agreed: aes128-ctr
DEB [20180613-20:46:55.933] thr=1   paramiko.transport: MAC agreed: hmac-sha2-256
DEB [20180613-20:46:55.933] thr=1   paramiko.transport: Compression agreed: none
DEB [20180613-20:46:56.123] thr=1   paramiko.transport: kex engine KexNistp256 specified hash_algo <built-in function openssl_sha256>
DEB [20180613-20:46:56.123] thr=1   paramiko.transport: Switch to new keys ...
DEB [20180613-20:46:56.123] thr=2   paramiko.transport: Adding ssh-rsa host key for 172.16.1.201: b'604598cac6e4f25ac3ea8ad67ffe0784'
DEB [20180613-20:46:56.243] thr=1   paramiko.transport: userauth is OK
DEB [20180613-20:46:56.243] thr=1   paramiko.transport: Authentication type (password) not permitted.
DEB [20180613-20:46:56.243] thr=1   paramiko.transport: Allowed methods: ['publickey', 'keyboard-interactive']
DEB [20180613-20:46:56.253] thr=1   paramiko.transport: userauth is OK
INF [20180613-20:46:56.333] thr=1   paramiko.transport: Authentication (keyboard-interactive) successful!
DEB [20180613-20:46:56.333] thr=2   paramiko.transport: [chan 0] Max packet in: 32768 bytes
DEB [20180613-20:46:56.343] thr=1   paramiko.transport: Received global request "hostkeys-00@openssh.com"
DEB [20180613-20:46:56.343] thr=1   paramiko.transport: Rejecting "hostkeys-00@openssh.com" global request from server.
DEB [20180613-20:46:56.383] thr=1   paramiko.transport: [chan 0] Max packet out: 32768 bytes
DEB [20180613-20:46:56.383] thr=1   paramiko.transport: Secsh channel 0 opened.
DEB [20180613-20:46:56.383] thr=1   paramiko.transport: [chan 0] Sesch channel 0 request ok
DEB [20180613-20:46:56.383] thr=1   paramiko.transport: EOF in transport thread
DEB [20180613-20:48:52.897] thr=3   paramiko.transport: starting thread (client mode): 0x3b88e90
DEB [20180613-20:48:52.897] thr=3   paramiko.transport: Local version/idstring: SSH-2.0-paramiko_2.4.1
DEB [20180613-20:48:52.906] thr=3   paramiko.transport: Remote version/idstring: SSH-2.0-OpenSSH_7.5
INF [20180613-20:48:52.906] thr=3   paramiko.transport: Connected (version 2.0, client OpenSSH_7.5)
DEB [20180613-20:48:52.906] thr=3   paramiko.transport: kex algos:['curve25519-sha256', 'curve25519-sha256@libssh.org', 'ecdh-sha2-nistp256', 'ecdh-sha2-nistp384', 'ecdh-sha2-nistp521', 'diffie-hellman-group-exchange-sha256', 'diffie-hellman-group16-sha512', 'diffie-hellman-group18-sha512', 'diffie-hellman-group14-sha256', 'diffie-hellman-group14-sha1'] server key:['ssh-rsa', 'rsa-sha2-512', 'rsa-sha2-256'] client encrypt:['aes128-ctr', 'aes192-ctr', 'aes256-ctr', '3des-cbc'] server encrypt:['aes128-ctr', 'aes192-ctr', 'aes256-ctr', '3des-cbc'] client mac:['hmac-sha2-256', 'hmac-sha2-512', 'hmac-sha1'] server mac:['hmac-sha2-256', 'hmac-sha2-512', 'hmac-sha1'] client compress:['none', 'zlib@openssh.com'] server compress:['none', 'zlib@openssh.com'] client lang:[''] server lang:[''] kex follows?False
DEB [20180613-20:48:52.906] thr=3   paramiko.transport: Kex agreed: ecdh-sha2-nistp256
DEB [20180613-20:48:52.906] thr=3   paramiko.transport: HostKey agreed: ssh-rsa
DEB [20180613-20:48:52.906] thr=3   paramiko.transport: Cipher agreed: aes128-ctr
DEB [20180613-20:48:52.906] thr=3   paramiko.transport: MAC agreed: hmac-sha2-256
DEB [20180613-20:48:52.906] thr=3   paramiko.transport: Compression agreed: none
DEB [20180613-20:48:52.936] thr=3   paramiko.transport: kex engine KexNistp256 specified hash_algo <built-in function openssl_sha256>
DEB [20180613-20:48:52.936] thr=3   paramiko.transport: Switch to new keys ...
DEB [20180613-20:48:52.936] thr=2   paramiko.transport: Adding ssh-rsa host key for 172.16.1.201: b'604598cac6e4f25ac3ea8ad67ffe0784'
DEB [20180613-20:48:53.036] thr=3   paramiko.transport: userauth is OK
DEB [20180613-20:48:53.046] thr=3   paramiko.transport: Authentication type (password) not permitted.
DEB [20180613-20:48:53.046] thr=3   paramiko.transport: Allowed methods: ['publickey', 'keyboard-interactive']
DEB [20180613-20:48:53.046] thr=3   paramiko.transport: userauth is OK
INF [20180613-20:48:53.136] thr=3   paramiko.transport: Authentication (keyboard-interactive) successful!
DEB [20180613-20:48:53.136] thr=2   paramiko.transport: [chan 0] Max packet in: 32768 bytes
DEB [20180613-20:48:53.146] thr=3   paramiko.transport: Received global request "hostkeys-00@openssh.com"
DEB [20180613-20:48:53.146] thr=3   paramiko.transport: Rejecting "hostkeys-00@openssh.com" global request from server.
DEB [20180613-20:48:53.196] thr=3   paramiko.transport: [chan 0] Max packet out: 32768 bytes
DEB [20180613-20:48:53.196] thr=3   paramiko.transport: Secsh channel 0 opened.
DEB [20180613-20:48:53.196] thr=3   paramiko.transport: [chan 0] Sesch channel 0 request ok
DEB [20180613-20:48:53.196] thr=3   paramiko.transport: EOF in transport thread
DEB [20180613-21:09:39.323] thr=1   paramiko.transport: starting thread (client mode): 0x3e868d0
DEB [20180613-21:09:39.323] thr=1   paramiko.transport: Local version/idstring: SSH-2.0-paramiko_2.4.1
DEB [20180613-21:09:39.343] thr=1   paramiko.transport: Remote version/idstring: SSH-2.0-OpenSSH_7.5
INF [20180613-21:09:39.343] thr=1   paramiko.transport: Connected (version 2.0, client OpenSSH_7.5)
DEB [20180613-21:09:39.343] thr=1   paramiko.transport: kex algos:['curve25519-sha256', 'curve25519-sha256@libssh.org', 'ecdh-sha2-nistp256', 'ecdh-sha2-nistp384', 'ecdh-sha2-nistp521', 'diffie-hellman-group-exchange-sha256', 'diffie-hellman-group16-sha512', 'diffie-hellman-group18-sha512', 'diffie-hellman-group14-sha256', 'diffie-hellman-group14-sha1'] server key:['ssh-rsa', 'rsa-sha2-512', 'rsa-sha2-256'] client encrypt:['aes128-ctr', 'aes192-ctr', 'aes256-ctr', '3des-cbc'] server encrypt:['aes128-ctr', 'aes192-ctr', 'aes256-ctr', '3des-cbc'] client mac:['hmac-sha2-256', 'hmac-sha2-512', 'hmac-sha1'] server mac:['hmac-sha2-256', 'hmac-sha2-512', 'hmac-sha1'] client compress:['none', 'zlib@openssh.com'] server compress:['none', 'zlib@openssh.com'] client lang:[''] server lang:[''] kex follows?False
DEB [20180613-21:09:39.343] thr=1   paramiko.transport: Kex agreed: ecdh-sha2-nistp256
DEB [20180613-21:09:39.343] thr=1   paramiko.transport: HostKey agreed: ssh-rsa
DEB [20180613-21:09:39.343] thr=1   paramiko.transport: Cipher agreed: aes128-ctr
DEB [20180613-21:09:39.343] thr=1   paramiko.transport: MAC agreed: hmac-sha2-256
DEB [20180613-21:09:39.343] thr=1   paramiko.transport: Compression agreed: none
DEB [20180613-21:09:39.513] thr=1   paramiko.transport: kex engine KexNistp256 specified hash_algo <built-in function openssl_sha256>
DEB [20180613-21:09:39.513] thr=1   paramiko.transport: Switch to new keys ...
DEB [20180613-21:09:39.513] thr=2   paramiko.transport: Adding ssh-rsa host key for 172.16.1.201: b'604598cac6e4f25ac3ea8ad67ffe0784'
DEB [20180613-21:09:39.623] thr=1   paramiko.transport: userauth is OK
DEB [20180613-21:09:39.623] thr=1   paramiko.transport: Authentication type (password) not permitted.
DEB [20180613-21:09:39.623] thr=1   paramiko.transport: Allowed methods: ['publickey', 'keyboard-interactive']
DEB [20180613-21:09:39.623] thr=1   paramiko.transport: userauth is OK
INF [20180613-21:09:39.723] thr=1   paramiko.transport: Authentication (keyboard-interactive) successful!
DEB [20180613-21:09:39.723] thr=2   paramiko.transport: [chan 0] Max packet in: 32768 bytes
DEB [20180613-21:09:39.723] thr=1   paramiko.transport: Received global request "hostkeys-00@openssh.com"
DEB [20180613-21:09:39.733] thr=1   paramiko.transport: Rejecting "hostkeys-00@openssh.com" global request from server.
DEB [20180613-21:09:39.773] thr=1   paramiko.transport: [chan 0] Max packet out: 32768 bytes
DEB [20180613-21:09:39.773] thr=1   paramiko.transport: Secsh channel 0 opened.
DEB [20180613-21:09:39.773] thr=1   paramiko.transport: [chan 0] Sesch channel 0 request ok
DEB [20180613-21:09:39.773] thr=1   paramiko.transport: EOF in transport thread
DEB [20180613-21:12:50.159] thr=3   paramiko.transport: starting thread (client mode): 0x2eb8330
DEB [20180613-21:12:50.159] thr=3   paramiko.transport: Local version/idstring: SSH-2.0-paramiko_2.4.1
DEB [20180613-21:12:50.169] thr=3   paramiko.transport: Remote version/idstring: SSH-2.0-OpenSSH_7.5
INF [20180613-21:12:50.169] thr=3   paramiko.transport: Connected (version 2.0, client OpenSSH_7.5)
DEB [20180613-21:12:50.169] thr=3   paramiko.transport: kex algos:['curve25519-sha256', 'curve25519-sha256@libssh.org', 'ecdh-sha2-nistp256', 'ecdh-sha2-nistp384', 'ecdh-sha2-nistp521', 'diffie-hellman-group-exchange-sha256', 'diffie-hellman-group16-sha512', 'diffie-hellman-group18-sha512', 'diffie-hellman-group14-sha256', 'diffie-hellman-group14-sha1'] server key:['ssh-rsa', 'rsa-sha2-512', 'rsa-sha2-256'] client encrypt:['aes128-ctr', 'aes192-ctr', 'aes256-ctr', '3des-cbc'] server encrypt:['aes128-ctr', 'aes192-ctr', 'aes256-ctr', '3des-cbc'] client mac:['hmac-sha2-256', 'hmac-sha2-512', 'hmac-sha1'] server mac:['hmac-sha2-256', 'hmac-sha2-512', 'hmac-sha1'] client compress:['none', 'zlib@openssh.com'] server compress:['none', 'zlib@openssh.com'] client lang:[''] server lang:[''] kex follows?False
DEB [20180613-21:12:50.169] thr=3   paramiko.transport: Kex agreed: ecdh-sha2-nistp256
DEB [20180613-21:12:50.169] thr=3   paramiko.transport: HostKey agreed: ssh-rsa
DEB [20180613-21:12:50.169] thr=3   paramiko.transport: Cipher agreed: aes128-ctr
DEB [20180613-21:12:50.169] thr=3   paramiko.transport: MAC agreed: hmac-sha2-256
DEB [20180613-21:12:50.169] thr=3   paramiko.transport: Compression agreed: none
DEB [20180613-21:12:50.209] thr=3   paramiko.transport: kex engine KexNistp256 specified hash_algo <built-in function openssl_sha256>
DEB [20180613-21:12:50.209] thr=3   paramiko.transport: Switch to new keys ...
DEB [20180613-21:12:50.209] thr=2   paramiko.transport: Adding ssh-rsa host key for 172.16.1.201: b'604598cac6e4f25ac3ea8ad67ffe0784'
DEB [20180613-21:12:50.312] thr=3   paramiko.transport: userauth is OK
DEB [20180613-21:12:50.322] thr=3   paramiko.transport: Authentication type (password) not permitted.
DEB [20180613-21:12:50.322] thr=3   paramiko.transport: Allowed methods: ['publickey', 'keyboard-interactive']
DEB [20180613-21:12:50.322] thr=3   paramiko.transport: userauth is OK
INF [20180613-21:12:50.412] thr=3   paramiko.transport: Authentication (keyboard-interactive) successful!
DEB [20180613-21:12:50.412] thr=2   paramiko.transport: [chan 0] Max packet in: 32768 bytes
DEB [20180613-21:12:50.412] thr=3   paramiko.transport: Received global request "hostkeys-00@openssh.com"
DEB [20180613-21:12:50.412] thr=3   paramiko.transport: Rejecting "hostkeys-00@openssh.com" global request from server.
DEB [20180613-21:12:50.462] thr=3   paramiko.transport: [chan 0] Max packet out: 32768 bytes
DEB [20180613-21:12:50.462] thr=3   paramiko.transport: Secsh channel 0 opened.
DEB [20180613-21:12:50.462] thr=3   paramiko.transport: [chan 0] Sesch channel 0 request ok
DEB [20180613-21:12:50.462] thr=3   paramiko.transport: EOF in transport thread
DEB [20180613-22:01:59.507] thr=1   paramiko.transport: starting thread (client mode): 0x43569d0
DEB [20180613-22:01:59.507] thr=1   paramiko.transport: Local version/idstring: SSH-2.0-paramiko_2.4.1
DEB [20180613-22:01:59.517] thr=1   paramiko.transport: Remote version/idstring: SSH-2.0-OpenSSH_7.5
INF [20180613-22:01:59.517] thr=1   paramiko.transport: Connected (version 2.0, client OpenSSH_7.5)
DEB [20180613-22:01:59.517] thr=1   paramiko.transport: kex algos:['curve25519-sha256', 'curve25519-sha256@libssh.org', 'ecdh-sha2-nistp256', 'ecdh-sha2-nistp384', 'ecdh-sha2-nistp521', 'diffie-hellman-group-exchange-sha256', 'diffie-hellman-group16-sha512', 'diffie-hellman-group18-sha512', 'diffie-hellman-group14-sha256', 'diffie-hellman-group14-sha1'] server key:['ssh-rsa', 'rsa-sha2-512', 'rsa-sha2-256'] client encrypt:['aes128-ctr', 'aes192-ctr', 'aes256-ctr', '3des-cbc'] server encrypt:['aes128-ctr', 'aes192-ctr', 'aes256-ctr', '3des-cbc'] client mac:['hmac-sha2-256', 'hmac-sha2-512', 'hmac-sha1'] server mac:['hmac-sha2-256', 'hmac-sha2-512', 'hmac-sha1'] client compress:['none', 'zlib@openssh.com'] server compress:['none', 'zlib@openssh.com'] client lang:[''] server lang:[''] kex follows?False
DEB [20180613-22:01:59.517] thr=1   paramiko.transport: Kex agreed: ecdh-sha2-nistp256
DEB [20180613-22:01:59.517] thr=1   paramiko.transport: HostKey agreed: ssh-rsa
DEB [20180613-22:01:59.517] thr=1   paramiko.transport: Cipher agreed: aes128-ctr
DEB [20180613-22:01:59.517] thr=1   paramiko.transport: MAC agreed: hmac-sha2-256
DEB [20180613-22:01:59.517] thr=1   paramiko.transport: Compression agreed: none
DEB [20180613-22:01:59.668] thr=1   paramiko.transport: kex engine KexNistp256 specified hash_algo <built-in function openssl_sha256>
DEB [20180613-22:01:59.668] thr=1   paramiko.transport: Switch to new keys ...
DEB [20180613-22:01:59.668] thr=2   paramiko.transport: Adding ssh-rsa host key for 172.16.1.201: b'604598cac6e4f25ac3ea8ad67ffe0784'
DEB [20180613-22:01:59.787] thr=1   paramiko.transport: userauth is OK
DEB [20180613-22:01:59.787] thr=1   paramiko.transport: Authentication type (password) not permitted.
DEB [20180613-22:01:59.787] thr=1   paramiko.transport: Allowed methods: ['publickey', 'keyboard-interactive']
DEB [20180613-22:01:59.787] thr=1   paramiko.transport: userauth is OK
INF [20180613-22:01:59.877] thr=1   paramiko.transport: Authentication (keyboard-interactive) successful!
DEB [20180613-22:01:59.877] thr=2   paramiko.transport: [chan 0] Max packet in: 32768 bytes
DEB [20180613-22:01:59.887] thr=1   paramiko.transport: Received global request "hostkeys-00@openssh.com"
DEB [20180613-22:01:59.887] thr=1   paramiko.transport: Rejecting "hostkeys-00@openssh.com" global request from server.
DEB [20180613-22:01:59.927] thr=1   paramiko.transport: [chan 0] Max packet out: 32768 bytes
DEB [20180613-22:01:59.927] thr=1   paramiko.transport: Secsh channel 0 opened.
DEB [20180613-22:01:59.927] thr=1   paramiko.transport: [chan 0] Sesch channel 0 request ok
DEB [20180613-22:01:59.927] thr=1   paramiko.transport: EOF in transport thread
DEB [20180613-22:02:07.027] thr=3   paramiko.transport: starting thread (client mode): 0x11a8330
DEB [20180613-22:02:07.027] thr=3   paramiko.transport: Local version/idstring: SSH-2.0-paramiko_2.4.1
DEB [20180613-22:02:07.037] thr=3   paramiko.transport: Remote version/idstring: SSH-2.0-OpenSSH_7.5
INF [20180613-22:02:07.037] thr=3   paramiko.transport: Connected (version 2.0, client OpenSSH_7.5)
DEB [20180613-22:02:07.037] thr=3   paramiko.transport: kex algos:['curve25519-sha256', 'curve25519-sha256@libssh.org', 'ecdh-sha2-nistp256', 'ecdh-sha2-nistp384', 'ecdh-sha2-nistp521', 'diffie-hellman-group-exchange-sha256', 'diffie-hellman-group16-sha512', 'diffie-hellman-group18-sha512', 'diffie-hellman-group14-sha256', 'diffie-hellman-group14-sha1'] server key:['ssh-rsa', 'rsa-sha2-512', 'rsa-sha2-256'] client encrypt:['aes128-ctr', 'aes192-ctr', 'aes256-ctr', '3des-cbc'] server encrypt:['aes128-ctr', 'aes192-ctr', 'aes256-ctr', '3des-cbc'] client mac:['hmac-sha2-256', 'hmac-sha2-512', 'hmac-sha1'] server mac:['hmac-sha2-256', 'hmac-sha2-512', 'hmac-sha1'] client compress:['none', 'zlib@openssh.com'] server compress:['none', 'zlib@openssh.com'] client lang:[''] server lang:[''] kex follows?False
DEB [20180613-22:02:07.037] thr=3   paramiko.transport: Kex agreed: ecdh-sha2-nistp256
DEB [20180613-22:02:07.037] thr=3   paramiko.transport: HostKey agreed: ssh-rsa
DEB [20180613-22:02:07.037] thr=3   paramiko.transport: Cipher agreed: aes128-ctr
DEB [20180613-22:02:07.037] thr=3   paramiko.transport: MAC agreed: hmac-sha2-256
DEB [20180613-22:02:07.037] thr=3   paramiko.transport: Compression agreed: none
DEB [20180613-22:02:07.067] thr=3   paramiko.transport: kex engine KexNistp256 specified hash_algo <built-in function openssl_sha256>
DEB [20180613-22:02:07.067] thr=3   paramiko.transport: Switch to new keys ...
DEB [20180613-22:02:07.067] thr=2   paramiko.transport: Adding ssh-rsa host key for 172.16.1.201: b'604598cac6e4f25ac3ea8ad67ffe0784'
DEB [20180613-22:02:07.177] thr=3   paramiko.transport: userauth is OK
DEB [20180613-22:02:07.177] thr=3   paramiko.transport: Authentication type (password) not permitted.
DEB [20180613-22:02:07.177] thr=3   paramiko.transport: Allowed methods: ['publickey', 'keyboard-interactive']
DEB [20180613-22:02:07.187] thr=3   paramiko.transport: userauth is OK
INF [20180613-22:02:07.287] thr=3   paramiko.transport: Authentication (keyboard-interactive) successful!
DEB [20180613-22:02:07.287] thr=2   paramiko.transport: [chan 0] Max packet in: 32768 bytes
DEB [20180613-22:02:07.287] thr=3   paramiko.transport: Received global request "hostkeys-00@openssh.com"
DEB [20180613-22:02:07.287] thr=3   paramiko.transport: Rejecting "hostkeys-00@openssh.com" global request from server.
DEB [20180613-22:02:07.337] thr=3   paramiko.transport: [chan 0] Max packet out: 32768 bytes
DEB [20180613-22:02:07.337] thr=3   paramiko.transport: Secsh channel 0 opened.
DEB [20180613-22:02:07.337] thr=3   paramiko.transport: [chan 0] Sesch channel 0 request ok
DEB [20180613-22:02:07.337] thr=3   paramiko.transport: EOF in transport thread
DEB [20180613-22:22:11.465] thr=1   paramiko.transport: starting thread (client mode): 0x3fd76d0
DEB [20180613-22:22:11.465] thr=1   paramiko.transport: Local version/idstring: SSH-2.0-paramiko_2.4.1
DEB [20180613-22:22:11.475] thr=1   paramiko.transport: Remote version/idstring: SSH-2.0-OpenSSH_7.5
INF [20180613-22:22:11.475] thr=1   paramiko.transport: Connected (version 2.0, client OpenSSH_7.5)
DEB [20180613-22:22:11.475] thr=1   paramiko.transport: kex algos:['curve25519-sha256', 'curve25519-sha256@libssh.org', 'ecdh-sha2-nistp256', 'ecdh-sha2-nistp384', 'ecdh-sha2-nistp521', 'diffie-hellman-group-exchange-sha256', 'diffie-hellman-group16-sha512', 'diffie-hellman-group18-sha512', 'diffie-hellman-group14-sha256', 'diffie-hellman-group14-sha1'] server key:['ssh-rsa', 'rsa-sha2-512', 'rsa-sha2-256'] client encrypt:['aes128-ctr', 'aes192-ctr', 'aes256-ctr', '3des-cbc'] server encrypt:['aes128-ctr', 'aes192-ctr', 'aes256-ctr', '3des-cbc'] client mac:['hmac-sha2-256', 'hmac-sha2-512', 'hmac-sha1'] server mac:['hmac-sha2-256', 'hmac-sha2-512', 'hmac-sha1'] client compress:['none', 'zlib@openssh.com'] server compress:['none', 'zlib@openssh.com'] client lang:[''] server lang:[''] kex follows?False
DEB [20180613-22:22:11.475] thr=1   paramiko.transport: Kex agreed: ecdh-sha2-nistp256
DEB [20180613-22:22:11.475] thr=1   paramiko.transport: HostKey agreed: ssh-rsa
DEB [20180613-22:22:11.475] thr=1   paramiko.transport: Cipher agreed: aes128-ctr
DEB [20180613-22:22:11.475] thr=1   paramiko.transport: MAC agreed: hmac-sha2-256
DEB [20180613-22:22:11.475] thr=1   paramiko.transport: Compression agreed: none
DEB [20180613-22:22:11.645] thr=1   paramiko.transport: kex engine KexNistp256 specified hash_algo <built-in function openssl_sha256>
DEB [20180613-22:22:11.645] thr=1   paramiko.transport: Switch to new keys ...
DEB [20180613-22:22:11.655] thr=2   paramiko.transport: Adding ssh-rsa host key for 172.16.1.201: b'604598cac6e4f25ac3ea8ad67ffe0784'
DEB [20180613-22:22:11.755] thr=1   paramiko.transport: userauth is OK
DEB [20180613-22:22:11.765] thr=1   paramiko.transport: Authentication type (password) not permitted.
DEB [20180613-22:22:11.765] thr=1   paramiko.transport: Allowed methods: ['publickey', 'keyboard-interactive']
DEB [20180613-22:22:11.765] thr=1   paramiko.transport: userauth is OK
INF [20180613-22:22:11.865] thr=1   paramiko.transport: Authentication (keyboard-interactive) successful!
DEB [20180613-22:22:11.865] thr=2   paramiko.transport: [chan 0] Max packet in: 32768 bytes
DEB [20180613-22:22:11.875] thr=1   paramiko.transport: Received global request "hostkeys-00@openssh.com"
DEB [20180613-22:22:11.875] thr=1   paramiko.transport: Rejecting "hostkeys-00@openssh.com" global request from server.
DEB [20180613-22:22:11.925] thr=1   paramiko.transport: [chan 0] Max packet out: 32768 bytes
DEB [20180613-22:22:11.925] thr=1   paramiko.transport: Secsh channel 0 opened.
DEB [20180613-22:22:11.925] thr=1   paramiko.transport: [chan 0] Sesch channel 0 request ok
DEB [20180613-22:22:11.925] thr=1   paramiko.transport: EOF in transport thread
DEB [20180613-22:24:13.982] thr=3   paramiko.transport: starting thread (client mode): 0x41a8ef0
DEB [20180613-22:24:13.982] thr=3   paramiko.transport: Local version/idstring: SSH-2.0-paramiko_2.4.1
DEB [20180613-22:24:13.992] thr=3   paramiko.transport: Remote version/idstring: SSH-2.0-OpenSSH_7.5
INF [20180613-22:24:13.992] thr=3   paramiko.transport: Connected (version 2.0, client OpenSSH_7.5)
DEB [20180613-22:24:14.002] thr=3   paramiko.transport: kex algos:['curve25519-sha256', 'curve25519-sha256@libssh.org', 'ecdh-sha2-nistp256', 'ecdh-sha2-nistp384', 'ecdh-sha2-nistp521', 'diffie-hellman-group-exchange-sha256', 'diffie-hellman-group16-sha512', 'diffie-hellman-group18-sha512', 'diffie-hellman-group14-sha256', 'diffie-hellman-group14-sha1'] server key:['ssh-rsa', 'rsa-sha2-512', 'rsa-sha2-256'] client encrypt:['aes128-ctr', 'aes192-ctr', 'aes256-ctr', '3des-cbc'] server encrypt:['aes128-ctr', 'aes192-ctr', 'aes256-ctr', '3des-cbc'] client mac:['hmac-sha2-256', 'hmac-sha2-512', 'hmac-sha1'] server mac:['hmac-sha2-256', 'hmac-sha2-512', 'hmac-sha1'] client compress:['none', 'zlib@openssh.com'] server compress:['none', 'zlib@openssh.com'] client lang:[''] server lang:[''] kex follows?False
DEB [20180613-22:24:14.002] thr=3   paramiko.transport: Kex agreed: ecdh-sha2-nistp256
DEB [20180613-22:24:14.002] thr=3   paramiko.transport: HostKey agreed: ssh-rsa
DEB [20180613-22:24:14.002] thr=3   paramiko.transport: Cipher agreed: aes128-ctr
DEB [20180613-22:24:14.002] thr=3   paramiko.transport: MAC agreed: hmac-sha2-256
DEB [20180613-22:24:14.002] thr=3   paramiko.transport: Compression agreed: none
DEB [20180613-22:24:14.032] thr=3   paramiko.transport: kex engine KexNistp256 specified hash_algo <built-in function openssl_sha256>
DEB [20180613-22:24:14.032] thr=3   paramiko.transport: Switch to new keys ...
DEB [20180613-22:24:14.032] thr=2   paramiko.transport: Adding ssh-rsa host key for 172.16.1.201: b'604598cac6e4f25ac3ea8ad67ffe0784'
DEB [20180613-22:24:14.142] thr=3   paramiko.transport: userauth is OK
DEB [20180613-22:24:14.142] thr=3   paramiko.transport: Authentication type (password) not permitted.
DEB [20180613-22:24:14.142] thr=3   paramiko.transport: Allowed methods: ['publickey', 'keyboard-interactive']
DEB [20180613-22:24:14.142] thr=3   paramiko.transport: userauth is OK
INF [20180613-22:24:14.242] thr=3   paramiko.transport: Authentication (keyboard-interactive) successful!
DEB [20180613-22:24:14.242] thr=2   paramiko.transport: [chan 0] Max packet in: 32768 bytes
DEB [20180613-22:24:14.252] thr=3   paramiko.transport: Received global request "hostkeys-00@openssh.com"
DEB [20180613-22:24:14.252] thr=3   paramiko.transport: Rejecting "hostkeys-00@openssh.com" global request from server.
DEB [20180613-22:24:14.302] thr=3   paramiko.transport: [chan 0] Max packet out: 32768 bytes
DEB [20180613-22:24:14.302] thr=3   paramiko.transport: Secsh channel 0 opened.
DEB [20180613-22:24:14.302] thr=3   paramiko.transport: [chan 0] Sesch channel 0 request ok
DEB [20180613-22:24:14.302] thr=3   paramiko.transport: EOF in transport thread
DEB [20180613-22:27:57.236] thr=1   paramiko.transport: starting thread (client mode): 0x46b7690
DEB [20180613-22:27:57.236] thr=1   paramiko.transport: Local version/idstring: SSH-2.0-paramiko_2.4.1
DEB [20180613-22:27:57.246] thr=1   paramiko.transport: Remote version/idstring: SSH-2.0-OpenSSH_7.5
INF [20180613-22:27:57.246] thr=1   paramiko.transport: Connected (version 2.0, client OpenSSH_7.5)
DEB [20180613-22:27:57.246] thr=1   paramiko.transport: kex algos:['curve25519-sha256', 'curve25519-sha256@libssh.org', 'ecdh-sha2-nistp256', 'ecdh-sha2-nistp384', 'ecdh-sha2-nistp521', 'diffie-hellman-group-exchange-sha256', 'diffie-hellman-group16-sha512', 'diffie-hellman-group18-sha512', 'diffie-hellman-group14-sha256', 'diffie-hellman-group14-sha1'] server key:['ssh-rsa', 'rsa-sha2-512', 'rsa-sha2-256'] client encrypt:['aes128-ctr', 'aes192-ctr', 'aes256-ctr', '3des-cbc'] server encrypt:['aes128-ctr', 'aes192-ctr', 'aes256-ctr', '3des-cbc'] client mac:['hmac-sha2-256', 'hmac-sha2-512', 'hmac-sha1'] server mac:['hmac-sha2-256', 'hmac-sha2-512', 'hmac-sha1'] client compress:['none', 'zlib@openssh.com'] server compress:['none', 'zlib@openssh.com'] client lang:[''] server lang:[''] kex follows?False
DEB [20180613-22:27:57.246] thr=1   paramiko.transport: Kex agreed: ecdh-sha2-nistp256
DEB [20180613-22:27:57.246] thr=1   paramiko.transport: HostKey agreed: ssh-rsa
DEB [20180613-22:27:57.246] thr=1   paramiko.transport: Cipher agreed: aes128-ctr
DEB [20180613-22:27:57.246] thr=1   paramiko.transport: MAC agreed: hmac-sha2-256
DEB [20180613-22:27:57.246] thr=1   paramiko.transport: Compression agreed: none
DEB [20180613-22:27:57.426] thr=1   paramiko.transport: kex engine KexNistp256 specified hash_algo <built-in function openssl_sha256>
DEB [20180613-22:27:57.426] thr=1   paramiko.transport: Switch to new keys ...
DEB [20180613-22:27:57.426] thr=2   paramiko.transport: Adding ssh-rsa host key for 172.16.1.201: b'604598cac6e4f25ac3ea8ad67ffe0784'
DEB [20180613-22:27:57.526] thr=1   paramiko.transport: userauth is OK
DEB [20180613-22:27:57.536] thr=1   paramiko.transport: Authentication type (password) not permitted.
DEB [20180613-22:27:57.536] thr=1   paramiko.transport: Allowed methods: ['publickey', 'keyboard-interactive']
DEB [20180613-22:27:57.536] thr=1   paramiko.transport: userauth is OK
INF [20180613-22:27:57.626] thr=1   paramiko.transport: Authentication (keyboard-interactive) successful!
DEB [20180613-22:27:57.626] thr=2   paramiko.transport: [chan 0] Max packet in: 32768 bytes
DEB [20180613-22:27:57.626] thr=1   paramiko.transport: Received global request "hostkeys-00@openssh.com"
DEB [20180613-22:27:57.626] thr=1   paramiko.transport: Rejecting "hostkeys-00@openssh.com" global request from server.
DEB [20180613-22:27:57.676] thr=1   paramiko.transport: [chan 0] Max packet out: 32768 bytes
DEB [20180613-22:27:57.676] thr=1   paramiko.transport: Secsh channel 0 opened.
DEB [20180613-22:27:57.676] thr=1   paramiko.transport: [chan 0] Sesch channel 0 request ok
DEB [20180613-22:27:57.676] thr=1   paramiko.transport: EOF in transport thread
DEB [20180613-22:29:32.373] thr=3   paramiko.transport: starting thread (client mode): 0x4887fd0
DEB [20180613-22:29:32.373] thr=3   paramiko.transport: Local version/idstring: SSH-2.0-paramiko_2.4.1
DEB [20180613-22:29:32.383] thr=3   paramiko.transport: Remote version/idstring: SSH-2.0-OpenSSH_7.5
INF [20180613-22:29:32.383] thr=3   paramiko.transport: Connected (version 2.0, client OpenSSH_7.5)
DEB [20180613-22:29:32.383] thr=3   paramiko.transport: kex algos:['curve25519-sha256', 'curve25519-sha256@libssh.org', 'ecdh-sha2-nistp256', 'ecdh-sha2-nistp384', 'ecdh-sha2-nistp521', 'diffie-hellman-group-exchange-sha256', 'diffie-hellman-group16-sha512', 'diffie-hellman-group18-sha512', 'diffie-hellman-group14-sha256', 'diffie-hellman-group14-sha1'] server key:['ssh-rsa', 'rsa-sha2-512', 'rsa-sha2-256'] client encrypt:['aes128-ctr', 'aes192-ctr', 'aes256-ctr', '3des-cbc'] server encrypt:['aes128-ctr', 'aes192-ctr', 'aes256-ctr', '3des-cbc'] client mac:['hmac-sha2-256', 'hmac-sha2-512', 'hmac-sha1'] server mac:['hmac-sha2-256', 'hmac-sha2-512', 'hmac-sha1'] client compress:['none', 'zlib@openssh.com'] server compress:['none', 'zlib@openssh.com'] client lang:[''] server lang:[''] kex follows?False
DEB [20180613-22:29:32.383] thr=3   paramiko.transport: Kex agreed: ecdh-sha2-nistp256
DEB [20180613-22:29:32.383] thr=3   paramiko.transport: HostKey agreed: ssh-rsa
DEB [20180613-22:29:32.383] thr=3   paramiko.transport: Cipher agreed: aes128-ctr
DEB [20180613-22:29:32.383] thr=3   paramiko.transport: MAC agreed: hmac-sha2-256
DEB [20180613-22:29:32.383] thr=3   paramiko.transport: Compression agreed: none
DEB [20180613-22:29:32.413] thr=3   paramiko.transport: kex engine KexNistp256 specified hash_algo <built-in function openssl_sha256>
DEB [20180613-22:29:32.413] thr=3   paramiko.transport: Switch to new keys ...
DEB [20180613-22:29:32.413] thr=2   paramiko.transport: Adding ssh-rsa host key for 172.16.1.201: b'604598cac6e4f25ac3ea8ad67ffe0784'
DEB [20180613-22:29:32.523] thr=3   paramiko.transport: userauth is OK
DEB [20180613-22:29:32.523] thr=3   paramiko.transport: Authentication type (password) not permitted.
DEB [20180613-22:29:32.523] thr=3   paramiko.transport: Allowed methods: ['publickey', 'keyboard-interactive']
DEB [20180613-22:29:32.533] thr=3   paramiko.transport: userauth is OK
INF [20180613-22:29:32.613] thr=3   paramiko.transport: Authentication (keyboard-interactive) successful!
DEB [20180613-22:29:32.613] thr=2   paramiko.transport: [chan 0] Max packet in: 32768 bytes
DEB [20180613-22:29:32.633] thr=3   paramiko.transport: Received global request "hostkeys-00@openssh.com"
DEB [20180613-22:29:32.633] thr=3   paramiko.transport: Rejecting "hostkeys-00@openssh.com" global request from server.
DEB [20180613-22:29:32.683] thr=3   paramiko.transport: [chan 0] Max packet out: 32768 bytes
DEB [20180613-22:29:32.683] thr=3   paramiko.transport: Secsh channel 0 opened.
DEB [20180613-22:29:32.683] thr=3   paramiko.transport: [chan 0] Sesch channel 0 request ok
DEB [20180613-22:29:32.683] thr=3   paramiko.transport: EOF in transport thread
DEB [20180613-22:33:43.629] thr=1   paramiko.transport: starting thread (client mode): 0x3fa7710
DEB [20180613-22:33:43.629] thr=1   paramiko.transport: Local version/idstring: SSH-2.0-paramiko_2.4.1
DEB [20180613-22:33:43.639] thr=1   paramiko.transport: Remote version/idstring: SSH-2.0-OpenSSH_7.5
INF [20180613-22:33:43.639] thr=1   paramiko.transport: Connected (version 2.0, client OpenSSH_7.5)
DEB [20180613-22:33:43.649] thr=1   paramiko.transport: kex algos:['curve25519-sha256', 'curve25519-sha256@libssh.org', 'ecdh-sha2-nistp256', 'ecdh-sha2-nistp384', 'ecdh-sha2-nistp521', 'diffie-hellman-group-exchange-sha256', 'diffie-hellman-group16-sha512', 'diffie-hellman-group18-sha512', 'diffie-hellman-group14-sha256', 'diffie-hellman-group14-sha1'] server key:['ssh-rsa', 'rsa-sha2-512', 'rsa-sha2-256'] client encrypt:['aes128-ctr', 'aes192-ctr', 'aes256-ctr', '3des-cbc'] server encrypt:['aes128-ctr', 'aes192-ctr', 'aes256-ctr', '3des-cbc'] client mac:['hmac-sha2-256', 'hmac-sha2-512', 'hmac-sha1'] server mac:['hmac-sha2-256', 'hmac-sha2-512', 'hmac-sha1'] client compress:['none', 'zlib@openssh.com'] server compress:['none', 'zlib@openssh.com'] client lang:[''] server lang:[''] kex follows?False
DEB [20180613-22:33:43.649] thr=1   paramiko.transport: Kex agreed: ecdh-sha2-nistp256
DEB [20180613-22:33:43.649] thr=1   paramiko.transport: HostKey agreed: ssh-rsa
DEB [20180613-22:33:43.649] thr=1   paramiko.transport: Cipher agreed: aes128-ctr
DEB [20180613-22:33:43.649] thr=1   paramiko.transport: MAC agreed: hmac-sha2-256
DEB [20180613-22:33:43.649] thr=1   paramiko.transport: Compression agreed: none
DEB [20180613-22:33:43.809] thr=1   paramiko.transport: kex engine KexNistp256 specified hash_algo <built-in function openssl_sha256>
DEB [20180613-22:33:43.809] thr=1   paramiko.transport: Switch to new keys ...
DEB [20180613-22:33:43.809] thr=2   paramiko.transport: Adding ssh-rsa host key for 172.16.1.201: b'604598cac6e4f25ac3ea8ad67ffe0784'
DEB [20180613-22:33:43.919] thr=1   paramiko.transport: userauth is OK
DEB [20180613-22:33:43.929] thr=1   paramiko.transport: Authentication type (password) not permitted.
DEB [20180613-22:33:43.929] thr=1   paramiko.transport: Allowed methods: ['publickey', 'keyboard-interactive']
DEB [20180613-22:33:43.929] thr=1   paramiko.transport: userauth is OK
INF [20180613-22:33:44.019] thr=1   paramiko.transport: Authentication (keyboard-interactive) successful!
DEB [20180613-22:33:44.019] thr=2   paramiko.transport: [chan 0] Max packet in: 32768 bytes
DEB [20180613-22:33:44.019] thr=1   paramiko.transport: Received global request "hostkeys-00@openssh.com"
DEB [20180613-22:33:44.019] thr=1   paramiko.transport: Rejecting "hostkeys-00@openssh.com" global request from server.
DEB [20180613-22:33:44.069] thr=1   paramiko.transport: [chan 0] Max packet out: 32768 bytes
DEB [20180613-22:33:44.069] thr=1   paramiko.transport: Secsh channel 0 opened.
DEB [20180613-22:33:44.069] thr=1   paramiko.transport: [chan 0] Sesch channel 0 request ok
DEB [20180613-22:33:44.069] thr=1   paramiko.transport: EOF in transport thread
DEB [20180613-22:35:04.106] thr=3   paramiko.transport: starting thread (client mode): 0x424d350
DEB [20180613-22:35:04.107] thr=3   paramiko.transport: Local version/idstring: SSH-2.0-paramiko_2.4.1
DEB [20180613-22:35:04.118] thr=3   paramiko.transport: Remote version/idstring: SSH-2.0-OpenSSH_7.5
INF [20180613-22:35:04.118] thr=3   paramiko.transport: Connected (version 2.0, client OpenSSH_7.5)
DEB [20180613-22:35:04.120] thr=3   paramiko.transport: kex algos:['curve25519-sha256', 'curve25519-sha256@libssh.org', 'ecdh-sha2-nistp256', 'ecdh-sha2-nistp384', 'ecdh-sha2-nistp521', 'diffie-hellman-group-exchange-sha256', 'diffie-hellman-group16-sha512', 'diffie-hellman-group18-sha512', 'diffie-hellman-group14-sha256', 'diffie-hellman-group14-sha1'] server key:['ssh-rsa', 'rsa-sha2-512', 'rsa-sha2-256'] client encrypt:['aes128-ctr', 'aes192-ctr', 'aes256-ctr', '3des-cbc'] server encrypt:['aes128-ctr', 'aes192-ctr', 'aes256-ctr', '3des-cbc'] client mac:['hmac-sha2-256', 'hmac-sha2-512', 'hmac-sha1'] server mac:['hmac-sha2-256', 'hmac-sha2-512', 'hmac-sha1'] client compress:['none', 'zlib@openssh.com'] server compress:['none', 'zlib@openssh.com'] client lang:[''] server lang:[''] kex follows?False
DEB [20180613-22:35:04.120] thr=3   paramiko.transport: Kex agreed: ecdh-sha2-nistp256
DEB [20180613-22:35:04.121] thr=3   paramiko.transport: HostKey agreed: ssh-rsa
DEB [20180613-22:35:04.121] thr=3   paramiko.transport: Cipher agreed: aes128-ctr
DEB [20180613-22:35:04.121] thr=3   paramiko.transport: MAC agreed: hmac-sha2-256
DEB [20180613-22:35:04.121] thr=3   paramiko.transport: Compression agreed: none
DEB [20180613-22:35:04.147] thr=3   paramiko.transport: kex engine KexNistp256 specified hash_algo <built-in function openssl_sha256>
DEB [20180613-22:35:04.147] thr=3   paramiko.transport: Switch to new keys ...
DEB [20180613-22:35:04.147] thr=2   paramiko.transport: Adding ssh-rsa host key for 172.16.1.201: b'604598cac6e4f25ac3ea8ad67ffe0784'
DEB [20180613-22:35:04.257] thr=3   paramiko.transport: userauth is OK
DEB [20180613-22:35:04.267] thr=3   paramiko.transport: Authentication type (password) not permitted.
DEB [20180613-22:35:04.267] thr=3   paramiko.transport: Allowed methods: ['publickey', 'keyboard-interactive']
DEB [20180613-22:35:04.267] thr=3   paramiko.transport: userauth is OK
INF [20180613-22:35:04.347] thr=3   paramiko.transport: Authentication (keyboard-interactive) successful!
DEB [20180613-22:35:04.357] thr=2   paramiko.transport: [chan 0] Max packet in: 32768 bytes
DEB [20180613-22:35:04.357] thr=3   paramiko.transport: Received global request "hostkeys-00@openssh.com"
DEB [20180613-22:35:04.357] thr=3   paramiko.transport: Rejecting "hostkeys-00@openssh.com" global request from server.
DEB [20180613-22:35:04.407] thr=3   paramiko.transport: [chan 0] Max packet out: 32768 bytes
DEB [20180613-22:35:04.407] thr=3   paramiko.transport: Secsh channel 0 opened.
DEB [20180613-22:35:04.407] thr=3   paramiko.transport: [chan 0] Sesch channel 0 request ok
DEB [20180613-22:35:04.407] thr=3   paramiko.transport: EOF in transport thread
DEB [20180613-22:35:44.858] thr=1   paramiko.transport: starting thread (client mode): 0x4806730
DEB [20180613-22:35:44.858] thr=1   paramiko.transport: Local version/idstring: SSH-2.0-paramiko_2.4.1
DEB [20180613-22:35:44.858] thr=1   paramiko.transport: Remote version/idstring: SSH-2.0-OpenSSH_7.5
INF [20180613-22:35:44.858] thr=1   paramiko.transport: Connected (version 2.0, client OpenSSH_7.5)
DEB [20180613-22:35:44.868] thr=1   paramiko.transport: kex algos:['curve25519-sha256', 'curve25519-sha256@libssh.org', 'ecdh-sha2-nistp256', 'ecdh-sha2-nistp384', 'ecdh-sha2-nistp521', 'diffie-hellman-group-exchange-sha256', 'diffie-hellman-group16-sha512', 'diffie-hellman-group18-sha512', 'diffie-hellman-group14-sha256', 'diffie-hellman-group14-sha1'] server key:['ssh-rsa', 'rsa-sha2-512', 'rsa-sha2-256'] client encrypt:['aes128-ctr', 'aes192-ctr', 'aes256-ctr', '3des-cbc'] server encrypt:['aes128-ctr', 'aes192-ctr', 'aes256-ctr', '3des-cbc'] client mac:['hmac-sha2-256', 'hmac-sha2-512', 'hmac-sha1'] server mac:['hmac-sha2-256', 'hmac-sha2-512', 'hmac-sha1'] client compress:['none', 'zlib@openssh.com'] server compress:['none', 'zlib@openssh.com'] client lang:[''] server lang:[''] kex follows?False
DEB [20180613-22:35:44.868] thr=1   paramiko.transport: Kex agreed: ecdh-sha2-nistp256
DEB [20180613-22:35:44.868] thr=1   paramiko.transport: HostKey agreed: ssh-rsa
DEB [20180613-22:35:44.868] thr=1   paramiko.transport: Cipher agreed: aes128-ctr
DEB [20180613-22:35:44.868] thr=1   paramiko.transport: MAC agreed: hmac-sha2-256
DEB [20180613-22:35:44.868] thr=1   paramiko.transport: Compression agreed: none
DEB [20180613-22:35:45.018] thr=1   paramiko.transport: kex engine KexNistp256 specified hash_algo <built-in function openssl_sha256>
DEB [20180613-22:35:45.028] thr=1   paramiko.transport: Switch to new keys ...
DEB [20180613-22:35:45.028] thr=2   paramiko.transport: Adding ssh-rsa host key for 172.16.1.201: b'604598cac6e4f25ac3ea8ad67ffe0784'
DEB [20180613-22:35:45.129] thr=1   paramiko.transport: userauth is OK
DEB [20180613-22:35:45.138] thr=1   paramiko.transport: Authentication type (password) not permitted.
DEB [20180613-22:35:45.138] thr=1   paramiko.transport: Allowed methods: ['publickey', 'keyboard-interactive']
DEB [20180613-22:35:45.138] thr=1   paramiko.transport: userauth is OK
INF [20180613-22:35:45.228] thr=1   paramiko.transport: Authentication (keyboard-interactive) successful!
DEB [20180613-22:35:45.228] thr=2   paramiko.transport: [chan 0] Max packet in: 32768 bytes
DEB [20180613-22:35:45.228] thr=1   paramiko.transport: Received global request "hostkeys-00@openssh.com"
DEB [20180613-22:35:45.228] thr=1   paramiko.transport: Rejecting "hostkeys-00@openssh.com" global request from server.
DEB [20180613-22:35:45.278] thr=1   paramiko.transport: [chan 0] Max packet out: 32768 bytes
DEB [20180613-22:35:45.278] thr=1   paramiko.transport: Secsh channel 0 opened.
DEB [20180613-22:35:45.278] thr=1   paramiko.transport: [chan 0] Sesch channel 0 request ok
DEB [20180613-22:35:45.278] thr=1   paramiko.transport: EOF in transport thread
